2020-10-30 23:06:08,287 [Worker-0: Loading available Gradle versions] INFO  o.e.b.c.i.u.g.PublishedGradleVersions - Gradle version information cache is up-to-date. Trying to read.
2020-10-30 23:07:41,945 [Worker-5: Importing Maven projects] ERROR o.e.m.c.i.p.ProjectConfigurationManager - Project OfficeItradeProject already exists
2020-10-30 23:07:59,362 [Worker-5: Importing Maven projects] INFO  o.e.m.c.i.l.LifecycleMappingFactory - Using org.eclipse.m2e.jdt.JarLifecycleMapping lifecycle mapping for MavenProject: Mavenofficeproject:OfficeItradeProject:1.0-SNAPSHOT @ C:\Users\Admin\GitStuffs\GitDemo\pom.xml.
2020-10-30 23:08:11,252 [Worker-5: Importing Maven projects] INFO  o.e.m.j.i.AbstractJavaProjectConfigurator - Adding source folder /OfficeItradeProject/src/main/java
2020-10-30 23:08:11,254 [Worker-5: Importing Maven projects] INFO  o.e.m.j.i.AbstractJavaProjectConfigurator - Resources folder /OfficeItradeProject/src/main/java/resources overlaps with sources folder /OfficeItradeProject/src/main/java
2020-10-30 23:08:11,255 [Worker-5: Importing Maven projects] INFO  o.e.m.j.i.AbstractJavaProjectConfigurator - Adding source folder /OfficeItradeProject/src/test/java
2020-10-30 23:08:11,456 [Worker-5: Importing Maven projects] INFO  o.e.m.c.i.p.ProjectConfigurationManager - Imported and configured 2 project(s) in 31 sec
2020-10-30 23:08:15,096 [Worker-10: Building] WARN  o.e.m.c.i.embedder.EclipseLogger - File encoding has not been set, using platform encoding Cp1252, i.e. build is platform dependent!
2020-10-30 23:08:15,118 [Worker-10: Building] WARN  o.e.m.c.i.embedder.EclipseLogger - Using platform encoding (Cp1252 actually) to copy filtered resources, i.e. build is platform dependent!
2020-10-30 23:08:15,135 [Worker-10: Building] INFO  o.e.m.c.i.embedder.EclipseLogger - Copying 4 resources
2020-10-30 23:08:15,178 [Worker-10: Building] WARN  o.e.m.c.i.embedder.EclipseLogger - Using platform encoding (Cp1252 actually) to copy filtered resources, i.e. build is platform dependent!
2020-10-30 23:08:15,187 [Worker-10: Building] INFO  o.e.m.c.i.embedder.EclipseLogger - skip non existing resourceDirectory C:\Users\Admin\GitStuffs\GitDemo\src\test\resources
2020-10-30 23:31:42,597 [Worker-8: Building] WARN  o.e.m.c.i.embedder.EclipseLogger - File encoding has not been set, using platform encoding Cp1252, i.e. build is platform dependent!
2020-10-30 23:31:42,615 [Worker-8: Building] WARN  o.e.m.c.i.embedder.EclipseLogger - Using platform encoding (Cp1252 actually) to copy filtered resources, i.e. build is platform dependent!
2020-10-30 23:31:42,626 [Worker-8: Building] INFO  o.e.m.c.i.embedder.EclipseLogger - Copying 0 resource
2020-10-30 23:31:42,628 [Worker-8: Building] WARN  o.e.m.c.i.embedder.EclipseLogger - Using platform encoding (Cp1252 actually) to copy filtered resources, i.e. build is platform dependent!
2020-10-30 23:31:42,652 [Worker-8: Building] INFO  o.e.m.c.i.embedder.EclipseLogger - skip non existing resourceDirectory C:\Users\Admin\GitStuffs\GitDemo\src\test\resources
2020-10-31 00:42:35,946 [Worker-19: Building] WARN  o.e.m.c.i.embedder.EclipseLogger - File encoding has not been set, using platform encoding Cp1252, i.e. build is platform dependent!
2020-10-31 00:42:36,009 [Worker-19: Building] WARN  o.e.m.c.i.embedder.EclipseLogger - Using platform encoding (Cp1252 actually) to copy filtered resources, i.e. build is platform dependent!
2020-10-31 00:42:36,024 [Worker-19: Building] INFO  o.e.m.c.i.embedder.EclipseLogger - Copying 0 resource
2020-10-31 00:42:36,025 [Worker-19: Building] WARN  o.e.m.c.i.embedder.EclipseLogger - Using platform encoding (Cp1252 actually) to copy filtered resources, i.e. build is platform dependent!
2020-10-31 00:42:36,042 [Worker-19: Building] INFO  o.e.m.c.i.embedder.EclipseLogger - skip non existing resourceDirectory C:\Users\Admin\GitStuffs\GitDemo\src\test\resources
2021-02-08 17:01:26,661 [Worker-1: Loading available Gradle versions] INFO  o.e.b.c.i.u.g.PublishedGradleVersions - Gradle version information cache is out-of-date. Trying to update.
2021-02-11 20:45:41,582 [Worker-2: Loading available Gradle versions] INFO  o.e.b.c.i.u.g.PublishedGradleVersions - Gradle version information cache is out-of-date. Trying to update.
2021-02-20 19:58:26,894 [Worker-0: Loading available Gradle versions] INFO  o.e.b.c.i.u.g.PublishedGradleVersions - Gradle version information cache is up-to-date. Trying to read.
2021-02-20 20:31:06,953 [Worker-13: Building] WARN  o.e.m.c.i.embedder.EclipseLogger - File encoding has not been set, using platform encoding Cp1252, i.e. build is platform dependent!
2021-02-20 20:31:07,031 [Worker-13: Building] WARN  o.e.m.c.i.embedder.EclipseLogger - Using platform encoding (Cp1252 actually) to copy filtered resources, i.e. build is platform dependent!
2021-02-20 20:31:07,064 [Worker-13: Building] INFO  o.e.m.c.i.embedder.EclipseLogger - Copying 4 resources
2021-02-20 20:31:07,265 [Worker-13: Building] WARN  o.e.m.c.i.embedder.EclipseLogger - Using platform encoding (Cp1252 actually) to copy filtered resources, i.e. build is platform dependent!
2021-02-20 20:31:07,288 [Worker-13: Building] INFO  o.e.m.c.i.embedder.EclipseLogger - skip non existing resourceDirectory C:\Users\Admin\GitStuffs\GitDemo\src\test\resources
2021-02-20 20:31:08,479 [Worker-13: Building] WARN  o.e.m.c.i.embedder.EclipseLogger - File encoding has not been set, using platform encoding Cp1252, i.e. build is platform dependent!
2021-02-20 20:31:08,501 [Worker-13: Building] WARN  o.e.m.c.i.embedder.EclipseLogger - Using platform encoding (Cp1252 actually) to copy filtered resources, i.e. build is platform dependent!
2021-02-20 20:31:08,529 [Worker-13: Building] INFO  o.e.m.c.i.embedder.EclipseLogger - Copying 0 resource
2021-02-20 20:31:08,534 [Worker-13: Building] WARN  o.e.m.c.i.embedder.EclipseLogger - Using platform encoding (Cp1252 actually) to copy filtered resources, i.e. build is platform dependent!
2021-02-20 20:31:08,561 [Worker-13: Building] INFO  o.e.m.c.i.embedder.EclipseLogger - skip non existing resourceDirectory C:\Users\Admin\GitStuffs\GitDemo\src\test\resources
2021-02-20 20:57:33,776 [Worker-18: Building] WARN  o.e.m.c.i.embedder.EclipseLogger - File encoding has not been set, using platform encoding Cp1252, i.e. build is platform dependent!
2021-02-20 20:57:33,828 [Worker-18: Building] WARN  o.e.m.c.i.embedder.EclipseLogger - Using platform encoding (Cp1252 actually) to copy filtered resources, i.e. build is platform dependent!
2021-02-20 20:57:33,842 [Worker-18: Building] INFO  o.e.m.c.i.embedder.EclipseLogger - Copying 0 resource
2021-02-20 20:57:33,845 [Worker-18: Building] WARN  o.e.m.c.i.embedder.EclipseLogger - Using platform encoding (Cp1252 actually) to copy filtered resources, i.e. build is platform dependent!
